[debug] [2025-02-12T00:30:18.468Z] ----------------------------------------------------------------------
[debug] [2025-02-12T00:30:18.470Z] Command:       C:\Program Files\nodejs\node.exe C:\Users\marti\AppData\Roaming\npm\node_modules\firebase-tools\lib\bin\firebase.js functions:shell
[debug] [2025-02-12T00:30:18.470Z] CLI Version:   13.30.0
[debug] [2025-02-12T00:30:18.470Z] Platform:      win32
[debug] [2025-02-12T00:30:18.471Z] Node Version:  v18.20.5
[debug] [2025-02-12T00:30:18.471Z] Time:          Wed Feb 12 2025 01:30:18 GMT+0100 (Central European Standard Time)
[debug] [2025-02-12T00:30:18.472Z] ----------------------------------------------------------------------
[debug] 
[debug] [2025-02-12T00:30:18.670Z] > command requires scopes: ["email","openid","https://www.googleapis.com/auth/cloudplatformprojects.readonly","https://www.googleapis.com/auth/firebase","https://www.googleapis.com/auth/cloud-platform"]
[debug] [2025-02-12T00:30:18.671Z] > authorizing via signed-in user (martin.erlic@gmail.com)
[debug] [2025-02-12T00:30:18.671Z] [iam] checking project babaselo-4b77e for permissions ["firebase.projects.get"]
[debug] [2025-02-12T00:30:18.672Z] Checked if tokens are valid: true, expires at: 1739323636426
[debug] [2025-02-12T00:30:18.672Z] Checked if tokens are valid: true, expires at: 1739323636426
[debug] [2025-02-12T00:30:18.673Z] >>> [apiv2][query] POST https://cloudresourcemanager.googleapis.com/v1/projects/babaselo-4b77e:testIamPermissions [none]
[debug] [2025-02-12T00:30:18.673Z] >>> [apiv2][(partial)header] POST https://cloudresourcemanager.googleapis.com/v1/projects/babaselo-4b77e:testIamPermissions x-goog-quota-user=projects/babaselo-4b77e
[debug] [2025-02-12T00:30:18.673Z] >>> [apiv2][body] POST https://cloudresourcemanager.googleapis.com/v1/projects/babaselo-4b77e:testIamPermissions {"permissions":["firebase.projects.get"]}
[debug] [2025-02-12T00:30:19.585Z] <<< [apiv2][status] POST https://cloudresourcemanager.googleapis.com/v1/projects/babaselo-4b77e:testIamPermissions 200
[debug] [2025-02-12T00:30:19.585Z] <<< [apiv2][body] POST https://cloudresourcemanager.googleapis.com/v1/projects/babaselo-4b77e:testIamPermissions {"permissions":["firebase.projects.get"]}
[debug] [2025-02-12T00:30:19.589Z] [functions] Functions Emulator only supports listening on one address (127.0.0.1). Not listening on ::1
[debug] [2025-02-12T00:30:19.591Z] defaultcredentials: writing to file C:\Users\marti\AppData\Roaming\firebase\martin_erlic_gmail.com_application_default_credentials.json
[debug] [2025-02-12T00:30:19.592Z] DEBUG: Setting GAC to C:\Users\marti\AppData\Roaming\firebase\martin_erlic_gmail.com_application_default_credentials.json
[debug] [2025-02-12T00:30:19.592Z] Checked if tokens are valid: true, expires at: 1739323636426
[debug] [2025-02-12T00:30:19.592Z] Checked if tokens are valid: true, expires at: 1739323636426
[debug] [2025-02-12T00:30:19.592Z] >>> [apiv2][query] GET https://firebase.googleapis.com/v1beta1/projects/babaselo-4b77e/adminSdkConfig [none]
